2025-03-15 10:03:54,752 - __main__ - INFO - 공감 대화 데이터 로드 중: data/samples/empathy_dialog_samples.csv
2025-03-15 10:03:54,758 - __main__ - INFO - 로드된 데이터 크기: 2000
2025-03-15 10:03:54,758 - __main__ - INFO - 상담 데이터 로드 중: data/samples/counseling_samples.csv
2025-03-15 10:03:54,760 - __main__ - INFO - 로드된 데이터 크기: 1200
2025-03-15 10:03:54,760 - __main__ - INFO - 원본 공감 대화 파일 로드 중: data/raw/empathy_dialog
2025-03-15 10:03:58,176 - __main__ - INFO - 로드된 대화 수: 0
2025-03-15 10:03:58,177 - __main__ - INFO - 원본 상담 파일 로드 중: data/raw/counseling
2025-03-15 10:03:59,078 - __main__ - INFO - 로드된 상담 수: 0
2025-03-15 10:03:59,078 - __main__ - ERROR - 로드된 대화 데이터가 없습니다.
2025-03-15 10:06:45,128 - __main__ - INFO - 공감 대화 데이터 로드 중: data/samples/empathy_dialog_samples.csv
2025-03-15 10:06:45,134 - __main__ - INFO - 로드된 데이터 크기: 2000
2025-03-15 10:06:45,134 - __main__ - INFO - 공감 대화 샘플 데이터 처리 중...
2025-03-15 10:06:45,135 - __main__ - INFO - 처리된 공감 대화 수: 0
2025-03-15 10:06:45,135 - __main__ - INFO - 공감 대화 샘플 데이터 0개 추가됨
2025-03-15 10:06:45,135 - __main__ - INFO - 상담 데이터 로드 중: data/samples/counseling_samples.csv
2025-03-15 10:06:45,138 - __main__ - INFO - 로드된 데이터 크기: 1200
2025-03-15 10:06:45,138 - __main__ - INFO - 상담 샘플 데이터 처리 중...
2025-03-15 10:06:45,157 - __main__ - INFO - 처리된 상담 대화 수: 0
2025-03-15 10:06:45,158 - __main__ - INFO - 상담 샘플 데이터 0개 추가됨
2025-03-15 10:06:45,158 - __main__ - INFO - 원본 공감 대화 파일 로드 중: data/raw/empathy_dialog
2025-03-15 10:06:48,662 - __main__ - INFO - 로드된 대화 수: 0
2025-03-15 10:06:48,662 - __main__ - INFO - 원본 공감 대화 데이터 0개 추가됨
2025-03-15 10:06:48,663 - __main__ - INFO - 원본 상담 파일 로드 중: data/raw/counseling
2025-03-15 10:06:49,605 - __main__ - INFO - 로드된 상담 수: 2876
2025-03-15 10:06:49,606 - __main__ - INFO - 원본 상담 데이터 2876개 추가됨
2025-03-15 10:06:49,606 - __main__ - INFO - 총 2876개의 대화 데이터로 가스라이팅 데이터셋 생성 시작
2025-03-15 10:06:49,606 - __main__ - INFO - 가스라이팅 데이터셋 생성 중...
2025-03-15 10:06:50,231 - __main__ - INFO - 원본 데이터: 가스라이팅 0, 비가스라이팅 2876
2025-03-15 10:06:50,231 - __main__ - INFO - 합성 가스라이팅 데이터 500개 생성 중...
2025-03-15 10:06:50,232 - __main__ - INFO - 합성 가스라이팅 데이터 500개 생성 중...
2025-03-15 10:06:50,604 - __main__ - INFO - 합성 가스라이팅 데이터 500개 생성 완료
2025-03-15 10:06:50,604 - __main__ - INFO - 최종 데이터셋: 가스라이팅 500, 비가스라이팅 2876, 총 3376개
2025-03-15 10:06:50,658 - __main__ - INFO - 데이터셋 저장 완료: data/processed/gaslighting/gaslighting_dataset.json
