2025-03-15 10:07:08,199 - __main__ - INFO - 가스라이팅 탐지 모델 훈련 시작
2025-03-15 10:07:08,199 - __main__ - INFO - 데이터 로드 중: data/processed/gaslighting/gaslighting_dataset.json
2025-03-15 10:07:11,742 - __main__ - INFO - 가스라이팅 탐지 모델 훈련 시작
2025-03-15 10:07:11,742 - __main__ - INFO - 데이터 로드 중: data/processed/gaslighting/gaslighting_dataset.json
2025-03-15 10:08:25,762 - __main__ - INFO - 가스라이팅 탐지 모델 훈련 시작
2025-03-15 10:08:25,762 - __main__ - INFO - 데이터 로드 중: data/processed/gaslighting/gaslighting_dataset.json
2025-03-15 10:08:25,775 - __main__ - INFO - JSON 데이터 로드 완료: 3376개 항목
2025-03-15 10:08:25,776 - __main__ - INFO - 추출된 대화 수: 3376
2025-03-15 10:08:25,778 - __main__ - INFO - 가스라이팅 라벨 분포: {0: 2876, 1: 500}
2025-03-15 10:09:21,306 - __main__ - INFO - 가스라이팅 탐지 모델 훈련 시작
2025-03-15 10:09:21,307 - __main__ - INFO - 데이터 로드 중: data/processed/gaslighting/gaslighting_dataset.json
2025-03-15 10:09:21,320 - __main__ - INFO - JSON 데이터 로드 완료: 3376개 항목
2025-03-15 10:09:21,320 - __main__ - INFO - 추출된 대화 수: 3376
2025-03-15 10:09:21,322 - __main__ - INFO - 가스라이팅 라벨 분포: {0: 2876, 1: 500}
2025-03-15 10:09:21,640 - __main__ - INFO - 훈련 데이터 크기: 2160
2025-03-15 10:09:21,640 - __main__ - INFO - 검증 데이터 크기: 540
2025-03-15 10:09:21,640 - __main__ - INFO - 테스트 데이터 크기: 676
2025-03-15 10:14:26,265 - __main__ - INFO - 가스라이팅 탐지 모델 훈련 시작
2025-03-15 10:14:26,265 - __main__ - INFO - 데이터 로드 중: data/processed/gaslighting/gaslighting_dataset.json
2025-03-15 10:14:26,277 - __main__ - INFO - JSON 데이터 로드 완료: 3376개 항목
2025-03-15 10:14:26,278 - __main__ - INFO - 추출된 대화 수: 3376
2025-03-15 10:14:26,279 - __main__ - INFO - 가스라이팅 라벨 분포: {0: 2876, 1: 500}
2025-03-15 10:14:26,563 - __main__ - INFO - 훈련 데이터 크기: 2160
2025-03-15 10:14:26,563 - __main__ - INFO - 검증 데이터 크기: 540
2025-03-15 10:14:26,563 - __main__ - INFO - 테스트 데이터 크기: 676
2025-03-15 10:23:29,983 - __main__ - INFO - Epoch 1/5
2025-03-15 10:23:29,983 - __main__ - INFO - Train Loss: 0.1538
2025-03-15 10:23:29,983 - __main__ - INFO - Val Accuracy: 0.9963
2025-03-15 10:23:29,983 - __main__ - INFO - Val F1: 0.9873
2025-03-15 10:23:29,983 - __main__ - INFO - Val AUC: 1.0000
2025-03-15 10:23:29,984 - __main__ - INFO - Val Risk Score: 0.5000
2025-03-15 10:23:29,984 - __main__ - INFO - 새로운 최고 F1 스코어: 0.9873
2025-03-15 10:32:39,502 - __main__ - INFO - Epoch 2/5
2025-03-15 10:32:39,503 - __main__ - INFO - Train Loss: 0.0117
2025-03-15 10:32:39,503 - __main__ - INFO - Val Accuracy: 1.0000
2025-03-15 10:32:39,503 - __main__ - INFO - Val F1: 1.0000
2025-03-15 10:32:39,503 - __main__ - INFO - Val AUC: 1.0000
2025-03-15 10:32:39,503 - __main__ - INFO - Val Risk Score: 0.5000
2025-03-15 10:32:39,504 - __main__ - INFO - 새로운 최고 F1 스코어: 1.0000
2025-03-15 10:41:38,076 - __main__ - INFO - Epoch 3/5
2025-03-15 10:41:38,077 - __main__ - INFO - Train Loss: 0.0000
2025-03-15 10:41:38,077 - __main__ - INFO - Val Accuracy: 1.0000
2025-03-15 10:41:38,077 - __main__ - INFO - Val F1: 1.0000
2025-03-15 10:41:38,077 - __main__ - INFO - Val AUC: 1.0000
2025-03-15 10:41:38,077 - __main__ - INFO - Val Risk Score: 0.5000
2025-03-15 10:50:38,506 - __main__ - INFO - Epoch 4/5
2025-03-15 10:50:38,506 - __main__ - INFO - Train Loss: 0.0000
2025-03-15 10:50:38,507 - __main__ - INFO - Val Accuracy: 1.0000
2025-03-15 10:50:38,507 - __main__ - INFO - Val F1: 1.0000
2025-03-15 10:50:38,507 - __main__ - INFO - Val AUC: 1.0000
2025-03-15 10:50:38,507 - __main__ - INFO - Val Risk Score: 0.5000
2025-03-15 10:59:40,796 - __main__ - INFO - Epoch 5/5
2025-03-15 10:59:40,796 - __main__ - INFO - Train Loss: 0.0000
2025-03-15 10:59:40,796 - __main__ - INFO - Val Accuracy: 1.0000
2025-03-15 10:59:40,796 - __main__ - INFO - Val F1: 1.0000
2025-03-15 10:59:40,796 - __main__ - INFO - Val AUC: 1.0000
2025-03-15 10:59:40,796 - __main__ - INFO - Val Risk Score: 0.5000
2025-03-15 11:00:27,683 - __main__ - INFO - 최종 테스트 결과:
2025-03-15 11:00:27,684 - __main__ - INFO - Accuracy: 1.0000
2025-03-15 11:00:27,684 - __main__ - INFO - Precision: 1.0000
2025-03-15 11:00:27,684 - __main__ - INFO - Recall: 1.0000
2025-03-15 11:00:27,684 - __main__ - INFO - F1 Score: 1.0000
2025-03-15 11:00:27,684 - __main__ - INFO - AUC: 1.0000
2025-03-15 11:00:27,684 - __main__ - INFO - Avg Risk Score: 0.5000
2025-03-15 11:00:28,531 - __main__ - INFO - 가스라이팅 탐지 모델이 models/gaslighting_detector에 저장되었습니다.
2025-03-15 11:00:28,534 - __main__ - INFO - 테스트 결과가 models/gaslighting_detector_test_results.json에 저장되었습니다.
