2025-03-03 21:22:22,023 - __main__ - INFO - 위기 단계 분류 모델 훈련 시작
2025-03-03 21:23:08,792 - __main__ - INFO - 위기 단계 분류 모델 훈련 시작
2025-03-03 21:23:15,155 - __main__ - INFO - 위기 단계 분류 모델이 models/base_models\crisis_model에 저장되었습니다.
2025-03-03 21:23:15,156 - __main__ - INFO - 문장 유형 분류 모델 훈련 시작
2025-03-03 21:24:06,319 - __main__ - INFO - 위기 단계 분류 모델 훈련 시작
2025-03-03 21:24:13,610 - __main__ - INFO - 위기 단계 분류 모델이 models/base_models\crisis_model에 저장되었습니다.
2025-03-03 21:24:13,611 - __main__ - INFO - 문장 유형 분류 모델 훈련 시작
2025-03-03 21:24:19,812 - __main__ - INFO - 문장 유형 분류 모델이 models/base_models\sentence_type_model에 저장되었습니다.
2025-03-03 21:24:19,814 - __main__ - INFO - 속성 감정 분석 모델 훈련 시작
2025-03-03 21:24:25,673 - __main__ - INFO - 속성 감정 분석 모델이 models/base_models\aspect_sentiment_model에 저장되었습니다.
2025-03-03 21:24:25,675 - __main__ - INFO - 공감 응답 생성 모델 훈련 시작
2025-03-03 21:24:26,485 - __main__ - INFO - 간소화된 예제에서는 공감 응답 생성 모델 훈련을 생략합니다.
2025-03-03 21:25:01,373 - __main__ - INFO - 위기 단계 분류 모델 훈련 시작
2025-03-03 21:25:07,611 - __main__ - INFO - 위기 단계 분류 모델이 models/base_models\crisis_model에 저장되었습니다.
2025-03-03 21:25:07,612 - __main__ - INFO - 문장 유형 분류 모델 훈련 시작
2025-03-03 21:25:14,243 - __main__ - INFO - 문장 유형 분류 모델이 models/base_models\sentence_type_model에 저장되었습니다.
2025-03-03 21:25:14,244 - __main__ - INFO - 속성 감정 분석 모델 훈련 시작
2025-03-03 21:25:20,222 - __main__ - INFO - 속성 감정 분석 모델이 models/base_models\aspect_sentiment_model에 저장되었습니다.
2025-03-03 21:25:20,223 - __main__ - INFO - 공감 응답 생성 모델 훈련 시작
2025-03-03 21:25:21,019 - __main__ - INFO - 간소화된 예제에서는 공감 응답 생성 모델 훈련을 생략합니다.
2025-03-03 21:25:22,567 - __main__ - INFO - 공감 응답 생성 모델이 models/base_models\empathy_model에 저장되었습니다.
2025-03-03 21:25:22,568 - __main__ - INFO - 모든 기본 모델 훈련이 완료되었습니다.
2025-03-03 21:36:50,149 - __main__ - INFO - 위기 단계 분류 모델 훈련 시작
2025-03-03 21:53:07,649 - __main__ - INFO - 위기 단계 분류 모델이 models\crisis_model에 저장되었습니다.
2025-03-03 21:53:07,651 - __main__ - INFO - 문장 유형 분류 모델 훈련 시작
2025-03-03 22:04:17,635 - __main__ - INFO - 문장 유형 분류 모델이 models\sentence_type_model에 저장되었습니다.
2025-03-03 22:04:17,637 - __main__ - INFO - 속성 감정 분석 모델 훈련 시작
2025-03-03 22:24:32,901 - __main__ - INFO - 속성 감정 분석 모델이 models\aspect_sentiment_model에 저장되었습니다.
2025-03-03 22:24:32,903 - __main__ - INFO - 공감 응답 생성 모델 훈련 시작
2025-03-03 22:24:33,788 - __main__ - INFO - 간소화된 예제에서는 공감 응답 생성 모델 훈련을 생략합니다.
2025-03-03 22:24:35,165 - __main__ - INFO - 공감 응답 생성 모델이 models\empathy_model에 저장되었습니다.
2025-03-03 22:24:35,166 - __main__ - INFO - 모든 기본 모델 훈련이 완료되었습니다.
2025-03-03 22:49:12,524 - __main__ - INFO - 위기 단계 분류 모델 훈련 시작
2025-03-03 22:49:12,530 - __main__ - INFO - 위기 단계 클래스 분포: {'정상군': 499, '관찰필요': 369, '상담필요': 165, '학대의심': 108, '응급': 59}
2025-03-03 22:54:35,562 - __main__ - INFO - 최종 테스트 결과 - Loss: 1.5167, Accuracy: 0.3583
2025-03-03 22:54:36,497 - __main__ - INFO - 위기 단계 분류 모델이 models\crisis_model에 저장되었습니다.
2025-03-03 22:54:36,499 - __main__ - INFO - 문장 유형 분류 모델 훈련 시작
2025-03-03 22:54:36,502 - __main__ - INFO - 문장 유형 클래스 분포: {'사실진술': 178, '도움요청': 162, '기타': 160, '감정표현': 152, '의견제시': 148}
2025-03-03 22:56:08,122 - __main__ - INFO - 최종 테스트 결과 - Loss: 1.6327, Accuracy: 0.2375
2025-03-03 22:56:08,889 - __main__ - INFO - 문장 유형 분류 모델이 models\sentence_type_model에 저장되었습니다.
2025-03-03 22:56:08,891 - __main__ - INFO - 속성 감정 분석 모델 훈련 시작
2025-03-03 22:56:08,896 - __main__ - INFO - 속성 분포: {'친구': 307, '자아': 302, '학교': 299, '미래': 299, '가족': 293}
2025-03-03 22:56:08,896 - __main__ - INFO - 감정 분포: {'중립': 509, '긍정': 505, '부정': 486}
2025-03-03 23:03:09,384 - __main__ - INFO - 최종 테스트 결과 - Loss: 2.7310, Aspect Acc: 0.1600, Sentiment Acc: 0.3267
2025-03-03 23:03:10,484 - __main__ - INFO - 속성 감정 분석 모델이 models\aspect_sentiment_model에 저장되었습니다.
2025-03-03 23:03:10,486 - __main__ - INFO - 공감 응답 생성 모델 훈련 시작
2025-03-03 23:03:11,394 - __main__ - INFO - 간소화된 예제에서는 공감 응답 생성 모델 훈련을 생략합니다.
2025-03-03 23:03:12,549 - __main__ - INFO - 공감 응답 생성 모델이 models\empathy_model에 저장되었습니다.
2025-03-03 23:03:12,551 - __main__ - INFO - 모든 기본 모델 훈련이 완료되었습니다.
